[12:08:44] [main/INFO]: Environment: authHost='https://authserver.mojang.com', accountsHost='https://api.mojang.com', sessionHost='https://sessionserver.mojang.com', servicesHost='https://api.minecraftservices.com', name='PROD'
[12:08:45] [main/INFO]: Reloading ResourceManager: Default, bukkit
[12:08:46] [Worker-Main-9/INFO]: Loaded 7 recipes
[12:08:49] [Server thread/INFO]: Starting minecraft server version 1.16.4
[12:08:49] [Server thread/INFO]: Loading properties
[12:08:49] [Server thread/INFO]: This server is running CraftBukkit version git-Spigot-37d799b-3eb7236 (MC: 1.16.4) (Implementing API version 1.16.4-R0.1-SNAPSHOT)
[12:08:49] [Server thread/INFO]: Server Ping Player Sample Count: 12
[12:08:49] [Server thread/INFO]: Using 4 threads for Netty based IO
[12:08:50] [Server thread/INFO]: Debug logging is disabled
[12:08:50] [Server thread/INFO]: Default game type: SURVIVAL
[12:08:50] [Server thread/INFO]: Generating keypair
[12:08:50] [Server thread/INFO]: Starting Minecraft server on *:25565
[12:08:50] [Server thread/INFO]: Using epoll channel type
[12:08:51] [Server thread/WARN]: Initializing Legacy Material Support. Unless you have legacy plugins and/or data this is a bug!
[12:08:57] [Server thread/WARN]: Legacy plugin ProjectileKnockback v1.8 does not specify an api-version.
[12:08:57] [Server thread/INFO]: [CrackShot] Loading CrackShot v0.98.11
[12:08:57] [Server thread/INFO]: [SkinsRestorer] Loading SkinsRestorer v13.8.7-SNAPSHOT
[12:08:57] [Server thread/INFO]: [ProjectileKnockback] Loading ProjectileKnockback v1.8
[12:08:57] [Server thread/WARN]: **** SERVER IS RUNNING IN OFFLINE/INSECURE MODE!
[12:08:57] [Server thread/WARN]: The server will make no attempt to authenticate usernames. Beware.
[12:08:57] [Server thread/WARN]: While this makes the game possible to play without internet access, it also opens up the ability for hackers to connect with any username they choose.
[12:08:57] [Server thread/WARN]: To change this, set "online-mode" to "true" in the server.properties file.
[12:08:57] [Server thread/INFO]: Preparing level "world"
[12:08:58] [Server thread/INFO]: -------- World Settings For [world] --------
[12:08:58] [Server thread/INFO]: Experience Merge Radius: 3.0
[12:08:58] [Server thread/INFO]: Mob Spawn Range: 6
[12:08:58] [Server thread/INFO]: Cactus Growth Modifier: 100%
[12:08:58] [Server thread/INFO]: Cane Growth Modifier: 100%
[12:08:58] [Server thread/INFO]: Melon Growth Modifier: 100%
[12:08:58] [Server thread/INFO]: Mushroom Growth Modifier: 100%
[12:08:58] [Server thread/INFO]: Pumpkin Growth Modifier: 100%
[12:08:58] [Server thread/INFO]: Sapling Growth Modifier: 100%
[12:08:58] [Server thread/INFO]: Beetroot Growth Modifier: 100%
[12:08:58] [Server thread/INFO]: Carrot Growth Modifier: 100%
[12:08:58] [Server thread/INFO]: Potato Growth Modifier: 100%
[12:08:58] [Server thread/INFO]: Wheat Growth Modifier: 100%
[12:08:58] [Server thread/INFO]: NetherWart Growth Modifier: 100%
[12:08:58] [Server thread/INFO]: Vine Growth Modifier: 100%
[12:08:58] [Server thread/INFO]: Cocoa Growth Modifier: 100%
[12:08:58] [Server thread/INFO]: Bamboo Growth Modifier: 100%
[12:08:58] [Server thread/INFO]: SweetBerry Growth Modifier: 100%
[12:08:58] [Server thread/INFO]: Kelp Growth Modifier: 100%
[12:08:58] [Server thread/INFO]: Entity Activation Range: An 32 / Mo 32 / Ra 48 / Mi 16 / Tiv true
[12:08:58] [Server thread/INFO]: Hopper Transfer: 8 Hopper Check: 1 Hopper Amount: 1
[12:08:58] [Server thread/INFO]: Custom Map Seeds:  Village: 10387312 Desert: 14357617 Igloo: 14357618 Jungle: 14357619 Swamp: 14357620 Monument: 10387313 Ocean: 14357621 Shipwreck: 165745295 End City: 10387313 Slime: 987234911 Bastion: 30084232 Fortress: 30084232 Mansion: 10387319 Fossil: 14357921 Portal: 34222645
[12:08:58] [Server thread/INFO]: Max TNT Explosions: 100
[12:08:58] [Server thread/INFO]: Tile Max Tick Time: 50ms Entity max Tick Time: 50ms
[12:08:58] [Server thread/INFO]: Entity Tracking Range: Pl 48 / An 48 / Mo 48 / Mi 32 / Other 64
[12:08:58] [Server thread/INFO]: Allow Zombie Pigmen to spawn from portal blocks: true
[12:08:58] [Server thread/INFO]: View Distance: 10
[12:08:58] [Server thread/INFO]: Item Despawn Rate: 6000
[12:08:58] [Server thread/INFO]: Item Merge Radius: 2.5
[12:08:58] [Server thread/INFO]: Arrow Despawn Rate: 1200 Trident Respawn Rate:1200
[12:08:58] [Server thread/INFO]: Zombie Aggressive Towards Villager: true
[12:08:58] [Server thread/INFO]: Nerfing mobs spawned from spawners: false
[12:08:58] [Server thread/INFO]: -------- World Settings For [world_nether] --------
[12:08:58] [Server thread/INFO]: Experience Merge Radius: 3.0
[12:08:58] [Server thread/INFO]: Mob Spawn Range: 6
[12:08:58] [Server thread/INFO]: Cactus Growth Modifier: 100%
[12:08:58] [Server thread/INFO]: Cane Growth Modifier: 100%
[12:08:58] [Server thread/INFO]: Melon Growth Modifier: 100%
[12:08:58] [Server thread/INFO]: Mushroom Growth Modifier: 100%
[12:08:58] [Server thread/INFO]: Pumpkin Growth Modifier: 100%
[12:08:58] [Server thread/INFO]: Sapling Growth Modifier: 100%
[12:08:58] [Server thread/INFO]: Beetroot Growth Modifier: 100%
[12:08:58] [Server thread/INFO]: Carrot Growth Modifier: 100%
[12:08:58] [Server thread/INFO]: Potato Growth Modifier: 100%
[12:08:58] [Server thread/INFO]: Wheat Growth Modifier: 100%
[12:08:58] [Server thread/INFO]: NetherWart Growth Modifier: 100%
[12:08:58] [Server thread/INFO]: Vine Growth Modifier: 100%
[12:08:58] [Server thread/INFO]: Cocoa Growth Modifier: 100%
[12:08:58] [Server thread/INFO]: Bamboo Growth Modifier: 100%
[12:08:58] [Server thread/INFO]: SweetBerry Growth Modifier: 100%
[12:08:58] [Server thread/INFO]: Kelp Growth Modifier: 100%
[12:08:58] [Server thread/INFO]: Entity Activation Range: An 32 / Mo 32 / Ra 48 / Mi 16 / Tiv true
[12:08:58] [Server thread/INFO]: Hopper Transfer: 8 Hopper Check: 1 Hopper Amount: 1
[12:08:58] [Server thread/INFO]: Custom Map Seeds:  Village: 10387312 Desert: 14357617 Igloo: 14357618 Jungle: 14357619 Swamp: 14357620 Monument: 10387313 Ocean: 14357621 Shipwreck: 165745295 End City: 10387313 Slime: 987234911 Bastion: 30084232 Fortress: 30084232 Mansion: 10387319 Fossil: 14357921 Portal: 34222645
[12:08:58] [Server thread/INFO]: Max TNT Explosions: 100
[12:08:58] [Server thread/INFO]: Tile Max Tick Time: 50ms Entity max Tick Time: 50ms
[12:08:58] [Server thread/INFO]: Entity Tracking Range: Pl 48 / An 48 / Mo 48 / Mi 32 / Other 64
[12:08:58] [Server thread/INFO]: Allow Zombie Pigmen to spawn from portal blocks: true
[12:08:58] [Server thread/INFO]: View Distance: 10
[12:08:58] [Server thread/INFO]: Item Despawn Rate: 6000
[12:08:58] [Server thread/INFO]: Item Merge Radius: 2.5
[12:08:58] [Server thread/INFO]: Arrow Despawn Rate: 1200 Trident Respawn Rate:1200
[12:08:58] [Server thread/INFO]: Zombie Aggressive Towards Villager: true
[12:08:58] [Server thread/INFO]: Nerfing mobs spawned from spawners: false
[12:08:58] [Server thread/INFO]: -------- World Settings For [world_the_end] --------
[12:08:58] [Server thread/INFO]: Experience Merge Radius: 3.0
[12:08:58] [Server thread/INFO]: Mob Spawn Range: 6
[12:08:58] [Server thread/INFO]: Cactus Growth Modifier: 100%
[12:08:58] [Server thread/INFO]: Cane Growth Modifier: 100%
[12:08:58] [Server thread/INFO]: Melon Growth Modifier: 100%
[12:08:58] [Server thread/INFO]: Mushroom Growth Modifier: 100%
[12:08:58] [Server thread/INFO]: Pumpkin Growth Modifier: 100%
[12:08:58] [Server thread/INFO]: Sapling Growth Modifier: 100%
[12:08:58] [Server thread/INFO]: Beetroot Growth Modifier: 100%
[12:08:58] [Server thread/INFO]: Carrot Growth Modifier: 100%
[12:08:58] [Server thread/INFO]: Potato Growth Modifier: 100%
[12:08:58] [Server thread/INFO]: Wheat Growth Modifier: 100%
[12:08:58] [Server thread/INFO]: NetherWart Growth Modifier: 100%
[12:08:58] [Server thread/INFO]: Vine Growth Modifier: 100%
[12:08:58] [Server thread/INFO]: Cocoa Growth Modifier: 100%
[12:08:58] [Server thread/INFO]: Bamboo Growth Modifier: 100%
[12:08:58] [Server thread/INFO]: SweetBerry Growth Modifier: 100%
[12:08:58] [Server thread/INFO]: Kelp Growth Modifier: 100%
[12:08:58] [Server thread/INFO]: Entity Activation Range: An 32 / Mo 32 / Ra 48 / Mi 16 / Tiv true
[12:08:58] [Server thread/INFO]: Hopper Transfer: 8 Hopper Check: 1 Hopper Amount: 1
[12:08:58] [Server thread/INFO]: Custom Map Seeds:  Village: 10387312 Desert: 14357617 Igloo: 14357618 Jungle: 14357619 Swamp: 14357620 Monument: 10387313 Ocean: 14357621 Shipwreck: 165745295 End City: 10387313 Slime: 987234911 Bastion: 30084232 Fortress: 30084232 Mansion: 10387319 Fossil: 14357921 Portal: 34222645
[12:08:58] [Server thread/INFO]: Max TNT Explosions: 100
[12:08:58] [Server thread/INFO]: Tile Max Tick Time: 50ms Entity max Tick Time: 50ms
[12:08:58] [Server thread/INFO]: Entity Tracking Range: Pl 48 / An 48 / Mo 48 / Mi 32 / Other 64
[12:08:58] [Server thread/INFO]: Allow Zombie Pigmen to spawn from portal blocks: true
[12:08:58] [Server thread/INFO]: View Distance: 10
[12:08:58] [Server thread/INFO]: Item Despawn Rate: 6000
[12:08:58] [Server thread/INFO]: Item Merge Radius: 2.5
[12:08:58] [Server thread/INFO]: Arrow Despawn Rate: 1200 Trident Respawn Rate:1200
[12:08:58] [Server thread/INFO]: Zombie Aggressive Towards Villager: true
[12:08:58] [Server thread/INFO]: Nerfing mobs spawned from spawners: false
[12:08:58] [Server thread/INFO]: Preparing start region for dimension minecraft:overworld
[12:09:00] [Server thread/INFO]: Preparing spawn area: 0%
[12:09:00] [Server thread/INFO]: Preparing spawn area: 0%
[12:09:00] [Server thread/INFO]: Preparing spawn area: 0%
[12:09:00] [Server thread/INFO]: Preparing spawn area: 0%
[12:09:00] [Server thread/INFO]: Preparing spawn area: 0%
[12:09:01] [Server thread/INFO]: Preparing spawn area: 5%
[12:09:01] [Server thread/INFO]: Time elapsed: 3110 ms
[12:09:01] [Server thread/INFO]: Preparing start region for dimension minecraft:the_nether
[12:09:03] [Server thread/INFO]: Preparing spawn area: 0%
[12:09:03] [Server thread/INFO]: Preparing spawn area: 0%
[12:09:03] [Server thread/INFO]: Preparing spawn area: 0%
[12:09:03] [Server thread/INFO]: Preparing spawn area: 0%
[12:09:03] [Server thread/INFO]: Preparing spawn area: 0%
[12:09:03] [Server thread/INFO]: Time elapsed: 2418 ms
[12:09:03] [Server thread/INFO]: Preparing start region for dimension minecraft:the_end
[12:09:04] [Server thread/INFO]: Preparing spawn area: 0%
[12:09:04] [Server thread/INFO]: Preparing spawn area: 0%
[12:09:04] [Worker-Main-9/INFO]: Preparing spawn area: 83%
[12:09:05] [Worker-Main-9/INFO]: Preparing spawn area: 83%
[12:09:05] [Worker-Main-6/INFO]: Preparing spawn area: 87%
[12:09:06] [Server thread/INFO]: Time elapsed: 2498 ms
[12:09:06] [Server thread/INFO]: [CrackShot] Enabling CrackShot v0.98.11
[12:09:06] [Server thread/INFO]: [CrackShot] Gun-mode activated. Boop!
[12:09:06] [Server thread/INFO]: [SkinsRestorer] Enabling SkinsRestorer v13.8.7-SNAPSHOT
[12:09:06] [Server thread/INFO]: [SkinsRestorer] Failed PaperSkinRefresher
[12:09:06] [Server thread/INFO]: [SkinsRestorer] Using SpigotSkinRefresher
[12:09:06] [Server thread/INFO]: [0;33;1m[[0;32;22mSkinsRestorer[0;33;1m] [0;32;1mDetected Minecraft [0;33;1mv1_16_R3[0;32;1m, using [0;33;1mUniversalSkinFactory[0;32;1m.[m
[12:09:09] [Server thread/INFO]: [ProjectileKnockback] Enabling ProjectileKnockback v1.8
[12:09:09] [Server thread/INFO]: [ProjectileKnockback] This plugin has been enabled!
[12:09:09] [Server thread/INFO]: Server permissions file permissions.yml is empty, ignoring it
[12:09:09] [Server thread/INFO]: Done (11.996s)! For help, type "help"
[12:09:10] [Craft Scheduler Thread - 0/INFO]: [0;33;1m[[0;32;22mSkinsRestorer[0;33;1m] [0;32;1m----------------------------------------------[m
[12:09:10] [Craft Scheduler Thread - 0/INFO]: [0;33;1m[[0;32;22mSkinsRestorer[0;33;1m] [0;32;1m    +===============+[m
[12:09:10] [Craft Scheduler Thread - 0/INFO]: [0;33;1m[[0;32;22mSkinsRestorer[0;33;1m] [0;32;1m    | SkinsRestorer |[m
[12:09:10] [Craft Scheduler Thread - 0/INFO]: [0;33;1m[[0;32;22mSkinsRestorer[0;33;1m] [0;32;1m    |---------------|[m
[12:09:10] [Craft Scheduler Thread - 0/INFO]: [0;33;1m[[0;32;22mSkinsRestorer[0;33;1m] [0;32;1m    |   [0;34;1m[4m[21mBukkit only[0;32;1m |[m
[12:09:10] [Craft Scheduler Thread - 0/INFO]: [0;33;1m[[0;32;22mSkinsRestorer[0;33;1m] [0;32;1m    +===============+[m
[12:09:10] [Craft Scheduler Thread - 0/INFO]: [0;33;1m[[0;32;22mSkinsRestorer[0;33;1m] [0;32;1m----------------------------------------------[m
[12:09:10] [Craft Scheduler Thread - 0/INFO]: [0;33;1m[[0;32;22mSkinsRestorer[0;33;1m] [0;36;1m    Current version: [0;32;1m13.8.7-SNAPSHOT[m
[12:09:10] [Craft Scheduler Thread - 0/INFO]: [0;33;1m[[0;32;22mSkinsRestorer[0;33;1m] [0;32;1m    This is the latest version![m
[12:09:10] [Craft Scheduler Thread - 0/INFO]: [0;33;1m[[0;32;22mSkinsRestorer[0;33;1m] [0;32;1m----------------------------------------------[m
[12:11:05] [User Authenticator #1/INFO]: UUID of player nekkan is a26cb519-6dfb-3c83-83a7-9a9e707f61cf
[12:11:06] [Server thread/INFO]: nekkan[/0:0:0:0:0:0:0:1%0:59900] logged in with entity id 201 at ([world]52.30000001192093, 66.0, -252.97871103360407)
[12:11:23] [Server thread/INFO]: nekkan issued server command: /kiill
[12:11:37] [Server thread/INFO]: nekkan issued server command: /kill
[12:11:37] [Server thread/INFO]: nekkan fell out of the world
[12:11:37] [Server thread/INFO]: [nekkan: Killed nekkan]
[12:14:57] [Server thread/INFO]: nekkan issued server command: /gamemode spectator
[12:14:57] [Server thread/INFO]: [nekkan: Set own game mode to Spectator Mode]
[12:15:05] [Server thread/INFO]: nekkan issued server command: /gamemode survival
[12:15:05] [Server thread/INFO]: [nekkan: Set own game mode to Survival Mode]
[12:16:06] [Async Chat Thread - #0/INFO]: <nekkan> a[m
[12:16:10] [Server thread/WARN]: nekkan was kicked for floating too long!
[12:16:10] [Server thread/INFO]: nekkan lost connection: Flying is not enabled on this server
[12:16:10] [Server thread/INFO]: nekkan left the game
[12:17:13] [Thread-2/INFO]: Stopping server
