/*C2*/SET SCHEMA PUBLIC
CREATE TABLE IF NOT EXISTS Punishments (id INTEGER IDENTITY PRIMARY KEY,name VARCHAR(16),uuid VARCHAR(35),reason VARCHAR(100),operator VARCHAR(16),punishmentType VARCHAR(16),start BIGINT,end BIGINT,calculation VARCHAR(50))
CREATE TABLE IF NOT EXISTS PunishmentHistory (id INTEGER IDENTITY PRIMARY KEY,name VARCHAR(16),uuid VARCHAR(35),reason VARCHAR(100),operator VARCHAR(16),punishmentType VARCHAR(16),start BIGINT,end BIGINT,calculation VARCHAR(50))
/*C10*/SET SCHEMA PUBLIC
DISCONNECT
/*C9*/SET SCHEMA PUBLIC
DISCONNECT
/*C5*/SET SCHEMA PUBLIC
DISCONNECT
/*C8*/SET SCHEMA PUBLIC
DISCONNECT
/*C3*/SET SCHEMA PUBLIC
DISCONNECT
/*C2*/DISCONNECT
/*C11*/SET SCHEMA PUBLIC
DISCONNECT
/*C4*/SET SCHEMA PUBLIC
DISCONNECT
/*C6*/SET SCHEMA PUBLIC
DISCONNECT
/*C7*/SET SCHEMA PUBLIC
DISCONNECT
/*C13*/SET SCHEMA PUBLIC
DISCONNECT
/*C18*/SET SCHEMA PUBLIC
DISCONNECT
/*C19*/SET SCHEMA PUBLIC
DISCONNECT
/*C12*/SET SCHEMA PUBLIC
DISCONNECT
/*C15*/SET SCHEMA PUBLIC
DISCONNECT
/*C16*/SET SCHEMA PUBLIC
DISCONNECT
/*C20*/SET SCHEMA PUBLIC
DISCONNECT
/*C14*/SET SCHEMA PUBLIC
DISCONNECT
/*C17*/SET SCHEMA PUBLIC
DISCONNECT
/*C21*/SET SCHEMA PUBLIC
DISCONNECT
/*C22*/SET SCHEMA PUBLIC
DISCONNECT
/*C23*/SET SCHEMA PUBLIC
DISCONNECT
/*C24*/SET SCHEMA PUBLIC
DISCONNECT
/*C29*/SET SCHEMA PUBLIC
DISCONNECT
/*C28*/SET SCHEMA PUBLIC
DISCONNECT
/*C26*/SET SCHEMA PUBLIC
DISCONNECT
/*C25*/SET SCHEMA PUBLIC
DISCONNECT
/*C27*/SET SCHEMA PUBLIC
DISCONNECT
/*C31*/SET SCHEMA PUBLIC
DISCONNECT
/*C30*/SET SCHEMA PUBLIC
DISCONNECT
/*C32*/SET SCHEMA PUBLIC
INSERT INTO PUNISHMENTHISTORY VALUES(9,'yNeonFly_','yneonfly_','uso de textemoji','CONSOLE','TEMP_MUTE',1611624444921,1611625044921,'')
COMMIT
INSERT INTO PUNISHMENTS VALUES(8,'yNeonFly_','yneonfly_','uso de textemoji','CONSOLE','TEMP_MUTE',1611624444921,1611625044921,'')
COMMIT
INSERT INTO PUNISHMENTHISTORY VALUES(10,'Jubzinho','jubzinho','iae','CONSOLE','TEMP_MUTE',1611624795005,1611624805005,'')
COMMIT
INSERT INTO PUNISHMENTS VALUES(9,'Jubzinho','jubzinho','iae','CONSOLE','TEMP_MUTE',1611624795005,1611624805005,'')
COMMIT
DELETE FROM PUNISHMENTS WHERE ID=9
COMMIT
DELETE FROM PUNISHMENTS WHERE ID=8
COMMIT
INSERT INTO PUNISHMENTHISTORY VALUES(11,'yNeonFly_','yneonfly_','sexo','CONSOLE','TEMP_MUTE',1611624887553,1611624897553,'')
COMMIT
INSERT INTO PUNISHMENTS VALUES(10,'yNeonFly_','yneonfly_','sexo','CONSOLE','TEMP_MUTE',1611624887553,1611624897553,'')
COMMIT
INSERT INTO PUNISHMENTHISTORY VALUES(12,'yNeonFly_','yneonfly_','sexo','CONSOLE','TEMP_BAN',1611624911804,1611624921804,'')
COMMIT
INSERT INTO PUNISHMENTS VALUES(11,'yNeonFly_','yneonfly_','sexo','CONSOLE','TEMP_BAN',1611624911804,1611624921804,'')
COMMIT
DELETE FROM PUNISHMENTS WHERE ID=10
COMMIT
/*C33*/SET SCHEMA PUBLIC
DISCONNECT
/*C32*/DISCONNECT
/*C35*/SET SCHEMA PUBLIC
DISCONNECT
/*C36*/SET SCHEMA PUBLIC
DISCONNECT
/*C34*/SET SCHEMA PUBLIC
DISCONNECT
/*C37*/SET SCHEMA PUBLIC
DISCONNECT
/*C40*/SET SCHEMA PUBLIC
DISCONNECT
/*C38*/SET SCHEMA PUBLIC
DISCONNECT
/*C39*/SET SCHEMA PUBLIC
DISCONNECT
/*C41*/SET SCHEMA PUBLIC
DISCONNECT
